HTTP[::1] <nil> 0 [04/Feb/2015:17:08:29 +0000] "GET /bs HTTP/1.0" 200 7827 "https://sota.givingfuel.com.wstage.co/1423066765528346295/receipt" "-"
HTTP[::1] <nil> 0 [04/Feb/2015:17:08:33 +0000] "GET /bs HTTP/1.0" 200 3 "https://sota.givingfuel.com.wstage.co/%7B%7Bdesign.masthead.image.fullPath%7D%7D" "-"
HTTP[::1] <nil> 0 [04/Feb/2015:17:08:35 +0000] "GET /bs HTTP/1.0" 200 3 "https://sota.givingfuel.com.wstage.co/favicon.ico" "-"
HTTP[::1] <nil> 0 [04/Feb/2015:17:08:37 +0000] "GET /bs HTTP/1.0" 200 3 "https://sota.givingfuel.com.wstage.co/unique-test-1?subdomain=sota&product=givingfuel.com" "-"
HTTP[::1] <nil> 0 [04/Feb/2015:17:08:38 +0000] "GET /bs HTTP/1.0" 200 3 "https://sota.givingfuel.com.wstage.co/%7B%7Bdesign.masthead.image.fullPath%7D%7D" "-"
HTTP127.0.0.1 5a37e78dab164637afe3e89936e17213 1 [04/Feb/2015:17:08:38 +0000] "GET /bs?subdomain=sota&product=givingfuel.com&form=unique-test-1 HTTP/1.0" 200 6433 "http://sota.givingfuel.com.wstage.co/unique-test-1?subdomain=sota&product=givingfuel.com" "Mozilla/5.0 (Macintosh; Intel Mac OS X 10_10_1) AppleWebKit/537.36 (KHTML, like Gecko) Chrome/40.0.2214.94 Safari/537.36"
HTTP[::1] <nil> 0 [04/Feb/2015:17:08:39 +0000] "GET /bs HTTP/1.0" 200 3 "https://sota.givingfuel.com.wstage.co/favicon.ico" "-"
HTTP[::1] <nil> 0 [04/Feb/2015:17:09:13 +0000] "GET /bs HTTP/1.0" 200 3 "https://sota.givingfuel.com.wstage.co/unique-test-1?subdomain=sota&product=givingfuel.com" "-"
HTTP[::1] <nil> 0 [04/Feb/2015:17:09:15 +0000] "GET /bs HTTP/1.0" 200 3 "https://sota.givingfuel.com.wstage.co/%7B%7Bdesign.masthead.image.fullPath%7D%7D" "-"
HTTP127.0.0.1 d77ff4ef3f7d49758d9a7445dd123223 1 [04/Feb/2015:17:09:15 +0000] "GET /bs?subdomain=sota&product=givingfuel.com&form=unique-test-1 HTTP/1.0" 200 6433 "http://sota.givingfuel.com.wstage.co/unique-test-1?subdomain=sota&product=givingfuel.com" "Mozilla/5.0 (Macintosh; Intel Mac OS X 10_10_1) AppleWebKit/537.36 (KHTML, like Gecko) Chrome/40.0.2214.94 Safari/537.36"
HTTP[::1] <nil> 0 [04/Feb/2015:17:09:15 +0000] "GET /bs HTTP/1.0" 200 3 "https://sota.givingfuel.com.wstage.co/favicon.ico" "-"
HTTP[::1] <nil> 0 [04/Feb/2015:17:10:05 +0000] "GET /bs HTTP/1.0" 200 3 "https://sota.givingfuel.com.wstage.co/unique-test-1?subdomain=sota&product=givingfuel.com" "-"
HTTP[::1] <nil> 0 [04/Feb/2015:17:10:06 +0000] "GET /bs HTTP/1.0" 200 3 "https://sota.givingfuel.com.wstage.co/%7B%7Bdesign.masthead.image.fullPath%7D%7D" "-"
HTTP[::1] c68e1a546e994d748419a2f3c7af15da 1 [04/Feb/2015:17:10:06 +0000] "GET /bs?subdomain=sota&product=givingfuel.com&form=unique-test-1 HTTP/1.0" 200 6433 "http://sota.givingfuel.com.wstage.co/unique-test-1?subdomain=sota&product=givingfuel.com" "Mozilla/5.0 (Macintosh; Intel Mac OS X 10_10_1) AppleWebKit/537.36 (KHTML, like Gecko) Chrome/40.0.2214.94 Safari/537.36"
HTTP[::1] <nil> 0 [04/Feb/2015:17:10:07 +0000] "GET /bs HTTP/1.0" 200 3 "https://sota.givingfuel.com.wstage.co/favicon.ico" "-"
HTTP[::1] preview 0 [04/Feb/2015:17:10:49 +0000] "GET /bs HTTP/1.0" 200 6422 "https://sota.givingfuel.com.wstage.co/preview/d75b8tvwgocac3di" "-"
HTTP[::1] <nil> 0 [04/Feb/2015:17:10:50 +0000] "GET /bs HTTP/1.0" 200 3 "https://sota.givingfuel.com.wstage.co/%7B%7Bdesign.masthead.image.fullPath%7D%7D" "-"
HTTP[::1] <nil> 0 [04/Feb/2015:17:10:51 +0000] "GET /bs HTTP/1.0" 200 3 "https://sota.givingfuel.com.wstage.co/favicon.ico" "-"
HTTP[::1] preview 0 [04/Feb/2015:17:10:54 +0000] "GET /bs HTTP/1.0" 200 6422 "https://sota.givingfuel.com.wstage.co/preview/d75b8tvwgocac3di" "-"
HTTP[::1] <nil> 0 [04/Feb/2015:17:10:55 +0000] "GET /bs HTTP/1.0" 200 3 "https://sota.givingfuel.com.wstage.co/%7B%7Bdesign.masthead.image.fullPath%7D%7D" "-"
HTTP[::1] <nil> 0 [04/Feb/2015:17:10:56 +0000] "GET /bs HTTP/1.0" 200 3 "https://sota.givingfuel.com.wstage.co/favicon.ico" "-"
HTTP[::1] preview 0 [04/Feb/2015:17:12:42 +0000] "GET /bs HTTP/1.0" 200 6422 "https://sota.givingfuel.com.wstage.co/preview/d75b8tvwgocac3di" "-"
HTTP[::1] <nil> 0 [04/Feb/2015:17:12:43 +0000] "GET /bs HTTP/1.0" 200 3 "https://sota.givingfuel.com.wstage.co/%7B%7Bdesign.masthead.image.fullPath%7D%7D" "-"
HTTP[::1] <nil> 0 [04/Feb/2015:17:12:44 +0000] "GET /bs HTTP/1.0" 200 3 "https://sota.givingfuel.com.wstage.co/favicon.ico" "-"
HTTP[::1] <nil> 0 [04/Feb/2015:17:39:29 +0000] "GET /bs HTTP/1.0" 200 3 "https://sota.givingfuel.com.wstage.co/favicon.ico" "-"
HTTP[::1] <nil> 0 [04/Feb/2015:17:39:30 +0000] "GET /bs HTTP/1.0" 200 3 "https://sota.givingfuel.com.wstage.co/%7B%7Bdesign.masthead.image.fullPath%7D%7D" "-"
HTTP[::1] <nil> 0 [04/Feb/2015:17:39:30 +0000] "GET /bs HTTP/1.0" 200 3 "https://sota.givingfuel.com.wstage.co/favicon.ico" "-"
HTTP127.0.0.1 <nil> 0 [04/Feb/2015:17:39:30 +0000] "GET /bs?subdomain=sota&product=givingfuel.com&form=favicon.ico HTTP/1.0" 404 3 "http://sota.givingfuel.com.wstage.co/favicon.ico" "Mozilla/5.0 (Macintosh; Intel Mac OS X 10_10_1) AppleWebKit/537.36 (KHTML, like Gecko) Chrome/40.0.2214.94 Safari/537.36"
HTTP[::1] <nil> 0 [04/Feb/2015:17:39:30 +0000] "GET /bs HTTP/1.0" 200 3 "https://sota.givingfuel.com.wstage.co/favicon.ico" "-"
HTTP[::1] <nil> 0 [04/Feb/2015:17:40:47 +0000] "GET /bs HTTP/1.0" 200 3 "https://sota.givingfuel.com.wstage.co/favicon.ico" "-"
HTTP[::1] <nil> 0 [04/Feb/2015:17:41:54 +0000] "GET /bs HTTP/1.0" 200 3 "https://sota.givingfuel.com.wstage.co/favicon.ico" "-"
HTTP[::1] <nil> 0 [04/Feb/2015:17:51:44 +0000] "GET /bs HTTP/1.0" 200 3 "https://sota.givingfuel.com.wstage.co/unique-test-1?subdomain=sota&product=givingfuel.com" "-"
HTTP[::1] <nil> 0 [04/Feb/2015:17:51:46 +0000] "GET /bs HTTP/1.0" 200 3 "https://sota.givingfuel.com.wstage.co/%7B%7Bdesign.masthead.image.fullPath%7D%7D" "-"
HTTP[::1] 2de265a3e852439798b73a936cc06780 1 [04/Feb/2015:17:51:46 +0000] "GET /bs?subdomain=sota&product=givingfuel.com&form=unique-test-1 HTTP/1.0" 200 6433 "http://sota.givingfuel.com.wstage.co/unique-test-1?subdomain=sota&product=givingfuel.com" "Mozilla/5.0 (Macintosh; Intel Mac OS X 10_10_1) AppleWebKit/537.36 (KHTML, like Gecko) Chrome/40.0.2214.94 Safari/537.36"
HTTP[::1] <nil> 0 [04/Feb/2015:17:51:47 +0000] "GET /bs HTTP/1.0" 200 3 "https://sota.givingfuel.com.wstage.co/favicon.ico" "-"
HTTP[::1] <nil> 0 [04/Feb/2015:17:51:59 +0000] "GET /bs HTTP/1.0" 200 3 "https://sota.givingfuel.com.wstage.co/favicon.ico" "-"
HTTP[::1] <nil> 0 [04/Feb/2015:17:52:00 +0000] "GET /bs HTTP/1.0" 200 3 "https://sota.givingfuel.com.wstage.co/%7B%7Bdesign.masthead.image.fullPath%7D%7D" "-"
HTTP127.0.0.1 <nil> 0 [04/Feb/2015:17:52:00 +0000] "GET /bs?subdomain=sota&product=givingfuel.com&form=favicon.ico HTTP/1.0" 404 3 "http://sota.givingfuel.com.wstage.co/favicon.ico" "Mozilla/5.0 (Macintosh; Intel Mac OS X 10_10_1) AppleWebKit/537.36 (KHTML, like Gecko) Chrome/40.0.2214.94 Safari/537.36"
HTTP[::1] <nil> 0 [04/Feb/2015:17:52:01 +0000] "GET /bs HTTP/1.0" 200 3 "https://sota.givingfuel.com.wstage.co/favicon.ico" "-"
HTTP[::1] <nil> 0 [04/Feb/2015:17:52:30 +0000] "GET /bs HTTP/1.0" 200 3 "https://sota.givingfuel.com.wstage.co/%7B%7Bdesign.masthead.image.fullPath%7D%7D" "-"
HTTP[::1] <nil> 0 [04/Feb/2015:17:53:00 +0000] "GET /bs HTTP/1.0" 200 3 "https://sota.givingfuel.com.wstage.co/%7B%7Bdesign.masthead.image.fullPath%7D%7D" "-"
HTTP[::1] <nil> 0 [04/Feb/2015:17:53:55 +0000] "GET /bs HTTP/1.0" 200 3 "https://sota.givingfuel.com.wstage.co/favicon.ico" "-"
HTTP[::1] <nil> 0 [04/Feb/2015:17:53:56 +0000] "GET /bs HTTP/1.0" 200 3 "https://sota.givingfuel.com.wstage.co/%7B%7Bdesign.masthead.image.fullPath%7D%7D" "-"
HTTP[::1] <nil> 0 [04/Feb/2015:17:53:57 +0000] "GET /bs HTTP/1.0" 200 3 "https://sota.givingfuel.com.wstage.co/%7B%7Bdesign.masthead.image.fullPath%7D%7D" "-"
HTTP[::1] <nil> 0 [04/Feb/2015:17:53:57 +0000] "GET /bs?subdomain=sota&product=givingfuel.com&form=favicon.ico HTTP/1.0" 404 3 "http://sota.givingfuel.com.wstage.co/favicon.ico" "Mozilla/5.0 (Macintosh; Intel Mac OS X 10_10_1) AppleWebKit/537.36 (KHTML, like Gecko) Chrome/40.0.2214.94 Safari/537.36"
HTTP[::1] <nil> 0 [04/Feb/2015:17:53:57 +0000] "GET /bs HTTP/1.0" 200 3 "https://sota.givingfuel.com.wstage.co/favicon.ico" "-"
HTTP[::1] <nil> 0 [04/Feb/2015:17:53:57 +0000] "GET /bs HTTP/1.0" 200 3 "https://sota.givingfuel.com.wstage.co/favicon.ico" "-"
HTTP[::1] <nil> 0 [04/Feb/2015:18:05:22 +0000] "GET /bs HTTP/1.0" 200 3 "https://sota.givingfuel.com.wstage.co/unique-test-1?subdomain=sota&product=givingfuel.com" "-"
HTTP[::1] <nil> 0 [04/Feb/2015:18:05:23 +0000] "GET /bs HTTP/1.0" 200 3 "https://sota.givingfuel.com.wstage.co/%7B%7Bdesign.masthead.image.fullPath%7D%7D" "-"
HTTP127.0.0.1 5dc146f1fcf04b818e41805d1edbefba 1 [04/Feb/2015:18:05:23 +0000] "GET /bs?subdomain=sota&product=givingfuel.com&form=unique-test-1 HTTP/1.0" 200 6433 "http://sota.givingfuel.com.wstage.co/unique-test-1?subdomain=sota&product=givingfuel.com" "Mozilla/5.0 (Macintosh; Intel Mac OS X 10_10_1) AppleWebKit/537.36 (KHTML, like Gecko) Chrome/40.0.2214.94 Safari/537.36"
HTTP[::1] <nil> 0 [04/Feb/2015:18:05:24 +0000] "GET /bs HTTP/1.0" 200 3 "https://sota.givingfuel.com.wstage.co/favicon.ico" "-"
HTTP[::1] <nil> 0 [04/Feb/2015:18:05:32 +0000] "GET /bs HTTP/1.0" 200 3 "https://sota.givingfuel.com.wstage.co/unique-test-1" "-"
HTTP[::1] <nil> 0 [04/Feb/2015:18:05:32 +0000] "GET /bs HTTP/1.0" 200 3 "https://sota.givingfuel.com.wstage.co/%7B%7Bdesign.masthead.image.fullPath%7D%7D" "-"
HTTP[::1] efc4cf92e48f4eb08ae5e50b99e9b8c7 1 [04/Feb/2015:18:05:32 +0000] "GET /bs?subdomain=sota&product=givingfuel.com&form=unique-test-1 HTTP/1.0" 200 6433 "http://sota.givingfuel.com.wstage.co/unique-test-1" "Mozilla/5.0 (Macintosh; Intel Mac OS X 10_10_1) AppleWebKit/537.36 (KHTML, like Gecko) Chrome/40.0.2214.94 Safari/537.36"
HTTP[::1] <nil> 0 [04/Feb/2015:18:05:33 +0000] "GET /bs HTTP/1.0" 200 3 "https://sota.givingfuel.com.wstage.co/favicon.ico" "-"
HTTP127.0.0.1 - 0 [04/Feb/2015:18:05:57 +0000] "OPTIONS /register?subdomain=sota&product=givingfuel.com&form=unique-test-1 HTTP/1.0" 200 29 "http://sota.givingfuel.com.wstage.co/unique-test-1" "Mozilla/5.0 (Macintosh; Intel Mac OS X 10_10_1) AppleWebKit/537.36 (KHTML, like Gecko) Chrome/40.0.2214.94 Safari/537.36"
HTTP[::1] efc4cf92e48f4eb08ae5e50b99e9b8c7 0 [04/Feb/2015:18:05:57 +0000] "POST /register?subdomain=sota&product=givingfuel.com&form=unique-test-1 HTTP/1.0" 200 1447 "http://sota.givingfuel.com.wstage.co/unique-test-1" "Mozilla/5.0 (Macintosh; Intel Mac OS X 10_10_1) AppleWebKit/537.36 (KHTML, like Gecko) Chrome/40.0.2214.94 Safari/537.36"
HTTP[::1] <nil> 0 [04/Feb/2015:18:05:57 +0000] "GET /bs HTTP/1.0" 200 3 "https://sota.givingfuel.com.wstage.co/%7B%7Bdesign.masthead.image.fullPath%7D%7D" "-"
HTTP[::1] <nil> 0 [04/Feb/2015:18:05:57 +0000] "GET /bs HTTP/1.0" 200 3 "https://sota.givingfuel.com.wstage.co/favicon.ico" "-"
HTTP[::1] <nil> 0 [04/Feb/2015:18:05:59 +0000] "GET /bs HTTP/1.0" 200 7828 "https://sota.givingfuel.com.wstage.co/1423073157275922219/receipt" "-"
HTTP[::1] <nil> 0 [04/Feb/2015:18:06:00 +0000] "GET /bs HTTP/1.0" 200 3 "https://sota.givingfuel.com.wstage.co/%7B%7Bdesign.masthead.image.fullPath%7D%7D" "-"
HTTP[::1] <nil> 0 [04/Feb/2015:18:06:01 +0000] "GET /bs HTTP/1.0" 200 3 "https://sota.givingfuel.com.wstage.co/favicon.ico" "-"
HTTP[::1] <nil> 0 [04/Feb/2015:18:06:02 +0000] "GET /bs HTTP/1.0" 200 7828 "https://sota.givingfuel.com.wstage.co/1423073157275922219/receipt" "-"
HTTP[::1] <nil> 0 [04/Feb/2015:18:06:03 +0000] "GET /bs HTTP/1.0" 200 3 "https://sota.givingfuel.com.wstage.co/%7B%7Bdesign.masthead.image.fullPath%7D%7D" "-"
HTTP[::1] <nil> 0 [04/Feb/2015:18:06:03 +0000] "GET /bs HTTP/1.0" 200 3 "https://sota.givingfuel.com.wstage.co/favicon.ico" "-"
HTTP[::1] <nil> 0 [04/Feb/2015:18:06:04 +0000] "GET /bs HTTP/1.0" 200 7828 "https://sota.givingfuel.com.wstage.co/1423073157275922219/receipt" "-"
HTTP[::1] <nil> 0 [04/Feb/2015:18:06:05 +0000] "GET /bs HTTP/1.0" 200 3 "https://sota.givingfuel.com.wstage.co/%7B%7Bdesign.masthead.image.fullPath%7D%7D" "-"
HTTP[::1] <nil> 0 [04/Feb/2015:18:06:05 +0000] "GET /bs HTTP/1.0" 200 3 "https://sota.givingfuel.com.wstage.co/favicon.ico" "-"
HTTP[::1] <nil> 0 [04/Feb/2015:18:06:09 +0000] "GET /bs HTTP/1.0" 200 3 "https://sota.givingfuel.com.wstage.co/unique-test-1?subdomain=sota&product=givingfuel.com" "-"
HTTP[::1] <nil> 0 [04/Feb/2015:18:06:10 +0000] "GET /bs HTTP/1.0" 200 3 "https://sota.givingfuel.com.wstage.co/%7B%7Bdesign.masthead.image.fullPath%7D%7D" "-"
HTTP127.0.0.1 bf73cbf0c5694517959ee008e5b32211 1 [04/Feb/2015:18:06:10 +0000] "GET /bs?subdomain=sota&product=givingfuel.com&form=unique-test-1 HTTP/1.0" 200 6433 "http://sota.givingfuel.com.wstage.co/unique-test-1?subdomain=sota&product=givingfuel.com" "Mozilla/5.0 (Macintosh; Intel Mac OS X 10_10_1) AppleWebKit/537.36 (KHTML, like Gecko) Chrome/40.0.2214.94 Safari/537.36"
HTTP[::1] <nil> 0 [04/Feb/2015:18:06:11 +0000] "GET /bs HTTP/1.0" 200 3 "https://sota.givingfuel.com.wstage.co/favicon.ico" "-"
HTTP[::1] - 0 [04/Feb/2015:18:06:40 +0000] "OPTIONS /register?subdomain=sota&product=givingfuel.com&form=unique-test-1 HTTP/1.0" 200 29 "http://sota.givingfuel.com.wstage.co/unique-test-1?subdomain=sota&product=givingfuel.com" "Mozilla/5.0 (Macintosh; Intel Mac OS X 10_10_1) AppleWebKit/537.36 (KHTML, like Gecko) Chrome/40.0.2214.94 Safari/537.36"
HTTP127.0.0.1 bf73cbf0c5694517959ee008e5b32211 0 [04/Feb/2015:18:06:40 +0000] "POST /register?subdomain=sota&product=givingfuel.com&form=unique-test-1 HTTP/1.0" 200 1448 "http://sota.givingfuel.com.wstage.co/unique-test-1?subdomain=sota&product=givingfuel.com" "Mozilla/5.0 (Macintosh; Intel Mac OS X 10_10_1) AppleWebKit/537.36 (KHTML, like Gecko) Chrome/40.0.2214.94 Safari/537.36"
HTTP[::1] <nil> 0 [04/Feb/2015:18:06:41 +0000] "GET /bs HTTP/1.0" 200 3 "https://sota.givingfuel.com.wstage.co/%7B%7Bdesign.masthead.image.fullPath%7D%7D" "-"
HTTP[::1] <nil> 0 [04/Feb/2015:18:06:41 +0000] "GET /bs HTTP/1.0" 200 3 "https://sota.givingfuel.com.wstage.co/favicon.ico" "-"
HTTP[::1] <nil> 0 [04/Feb/2015:18:06:43 +0000] "GET /bs HTTP/1.0" 200 7829 "https://sota.givingfuel.com.wstage.co/1423073200984078377/receipt" "-"
HTTP[::1] <nil> 0 [04/Feb/2015:18:06:44 +0000] "GET /bs HTTP/1.0" 200 3 "https://sota.givingfuel.com.wstage.co/%7B%7Bdesign.masthead.image.fullPath%7D%7D" "-"
HTTP[::1] <nil> 0 [04/Feb/2015:18:06:45 +0000] "GET /bs HTTP/1.0" 200 3 "https://sota.givingfuel.com.wstage.co/favicon.ico" "-"
HTTP[::1] <nil> 0 [04/Feb/2015:18:07:03 +0000] "GET /bs HTTP/1.0" 200 3 "https://sota.givingfuel.com.wstage.co/ce2?subdomain=sota&product=givingfuel.com" "-"
HTTP[::1] <nil> 0 [04/Feb/2015:18:07:03 +0000] "GET /bs HTTP/1.0" 200 3 "https://sota.givingfuel.com.wstage.co/%7B%7Bdesign.masthead.image.fullPath%7D%7D" "-"
HTTP[::1] 695b417d6fe0454e91428befdc6175b7 1 [04/Feb/2015:18:07:03 +0000] "GET /bs?subdomain=sota&product=givingfuel.com&form=ce2 HTTP/1.0" 200 6423 "http://sota.givingfuel.com.wstage.co/ce2?subdomain=sota&product=givingfuel.com" "Mozilla/5.0 (Macintosh; Intel Mac OS X 10_10_1) AppleWebKit/537.36 (KHTML, like Gecko) Chrome/40.0.2214.94 Safari/537.36"
HTTP[::1] <nil> 0 [04/Feb/2015:18:07:04 +0000] "GET /bs HTTP/1.0" 200 3 "https://sota.givingfuel.com.wstage.co/favicon.ico" "-"
HTTP[::1] <nil> 0 [04/Feb/2015:18:07:06 +0000] "GET /bs HTTP/1.0" 200 3 "https://sota.givingfuel.com.wstage.co/ce2" "-"
HTTP[::1] <nil> 0 [04/Feb/2015:18:07:07 +0000] "GET /bs HTTP/1.0" 200 3 "https://sota.givingfuel.com.wstage.co/%7B%7Bdesign.masthead.image.fullPath%7D%7D" "-"
HTTP127.0.0.1 8e89d0f0fac440a3b48d91690183b72d 1 [04/Feb/2015:18:07:07 +0000] "GET /bs?subdomain=sota&product=givingfuel.com&form=ce2 HTTP/1.0" 200 6423 "http://sota.givingfuel.com.wstage.co/ce2" "Mozilla/5.0 (Macintosh; Intel Mac OS X 10_10_1) AppleWebKit/537.36 (KHTML, like Gecko) Chrome/40.0.2214.94 Safari/537.36"
HTTP[::1] <nil> 0 [04/Feb/2015:18:07:07 +0000] "GET /bs HTTP/1.0" 200 3 "https://sota.givingfuel.com.wstage.co/favicon.ico" "-"
HTTP[::1] - 0 [04/Feb/2015:18:07:22 +0000] "OPTIONS /register?subdomain=sota&product=givingfuel.com&form=ce2 HTTP/1.0" 200 29 "http://sota.givingfuel.com.wstage.co/ce2" "Mozilla/5.0 (Macintosh; Intel Mac OS X 10_10_1) AppleWebKit/537.36 (KHTML, like Gecko) Chrome/40.0.2214.94 Safari/537.36"
HTTP127.0.0.1 8e89d0f0fac440a3b48d91690183b72d 0 [04/Feb/2015:18:07:23 +0000] "POST /register?subdomain=sota&product=givingfuel.com&form=ce2 HTTP/1.0" 200 1446 "http://sota.givingfuel.com.wstage.co/ce2" "Mozilla/5.0 (Macintosh; Intel Mac OS X 10_10_1) AppleWebKit/537.36 (KHTML, like Gecko) Chrome/40.0.2214.94 Safari/537.36"
HTTP[::1] <nil> 0 [04/Feb/2015:18:07:23 +0000] "GET /bs HTTP/1.0" 200 3 "https://sota.givingfuel.com.wstage.co/%7B%7Bdesign.masthead.image.fullPath%7D%7D" "-"
HTTP[::1] <nil> 0 [04/Feb/2015:18:07:23 +0000] "GET /bs HTTP/1.0" 200 3 "https://sota.givingfuel.com.wstage.co/favicon.ico" "-"
HTTP[::1] <nil> 0 [04/Feb/2015:18:07:25 +0000] "GET /bs HTTP/1.0" 200 7807 "https://sota.givingfuel.com.wstage.co/1423073243105547975/receipt" "-"
HTTP[::1] <nil> 0 [04/Feb/2015:18:07:25 +0000] "GET /bs HTTP/1.0" 200 3 "https://sota.givingfuel.com.wstage.co/%7B%7Bdesign.masthead.image.fullPath%7D%7D" "-"
HTTP[::1] <nil> 0 [04/Feb/2015:18:07:26 +0000] "GET /bs HTTP/1.0" 200 3 "https://sota.givingfuel.com.wstage.co/favicon.ico" "-"
HTTP[::1] <nil> 0 [04/Feb/2015:18:07:29 +0000] "GET /bs HTTP/1.0" 200 7807 "https://sota.givingfuel.com.wstage.co/1423073243105547975/receipt" "-"
HTTP[::1] <nil> 0 [04/Feb/2015:18:07:30 +0000] "GET /bs HTTP/1.0" 200 3 "https://sota.givingfuel.com.wstage.co/%7B%7Bdesign.masthead.image.fullPath%7D%7D" "-"
HTTP[::1] <nil> 0 [04/Feb/2015:18:07:30 +0000] "GET /bs HTTP/1.0" 200 3 "https://sota.givingfuel.com.wstage.co/favicon.ico" "-"
HTTP[::1] <nil> 0 [04/Feb/2015:18:07:41 +0000] "GET /bs HTTP/1.0" 200 3 "https://sota.givingfuel.com.wstage.co/ce2?subdomain=sota&product=givingfuel.com" "-"
HTTP[::1] <nil> 0 [04/Feb/2015:18:07:42 +0000] "GET /bs HTTP/1.0" 200 3 "https://sota.givingfuel.com.wstage.co/%7B%7Bdesign.masthead.image.fullPath%7D%7D" "-"
HTTP[::1] c5f650be460e411c839ce6bc8f49cc23 1 [04/Feb/2015:18:07:42 +0000] "GET /bs?subdomain=sota&product=givingfuel.com&form=ce2 HTTP/1.0" 200 6423 "http://sota.givingfuel.com.wstage.co/ce2?subdomain=sota&product=givingfuel.com" "Mozilla/5.0 (Macintosh; Intel Mac OS X 10_10_1) AppleWebKit/537.36 (KHTML, like Gecko) Chrome/40.0.2214.94 Safari/537.36"
HTTP[::1] <nil> 0 [04/Feb/2015:18:07:42 +0000] "GET /bs HTTP/1.0" 200 3 "https://sota.givingfuel.com.wstage.co/favicon.ico" "-"
HTTP127.0.0.1 - 0 [04/Feb/2015:18:07:57 +0000] "OPTIONS /register?subdomain=sota&product=givingfuel.com&form=ce2 HTTP/1.0" 200 29 "http://sota.givingfuel.com.wstage.co/ce2?subdomain=sota&product=givingfuel.com" "Mozilla/5.0 (Macintosh; Intel Mac OS X 10_10_1) AppleWebKit/537.36 (KHTML, like Gecko) Chrome/40.0.2214.94 Safari/537.36"
HTTP[::1] c5f650be460e411c839ce6bc8f49cc23 0 [04/Feb/2015:18:07:57 +0000] "POST /register?subdomain=sota&product=givingfuel.com&form=ce2 HTTP/1.0" 200 1446 "http://sota.givingfuel.com.wstage.co/ce2?subdomain=sota&product=givingfuel.com" "Mozilla/5.0 (Macintosh; Intel Mac OS X 10_10_1) AppleWebKit/537.36 (KHTML, like Gecko) Chrome/40.0.2214.94 Safari/537.36"
HTTP[::1] <nil> 0 [04/Feb/2015:18:07:57 +0000] "GET /bs HTTP/1.0" 200 3 "https://sota.givingfuel.com.wstage.co/%7B%7Bdesign.masthead.image.fullPath%7D%7D" "-"
HTTP[::1] <nil> 0 [04/Feb/2015:18:07:58 +0000] "GET /bs HTTP/1.0" 200 3 "https://sota.givingfuel.com.wstage.co/favicon.ico" "-"
HTTP[::1] <nil> 0 [04/Feb/2015:18:07:59 +0000] "GET /bs HTTP/1.0" 200 7807 "https://sota.givingfuel.com.wstage.co/1423073277644155941/receipt" "-"
HTTP[::1] <nil> 0 [04/Feb/2015:18:08:00 +0000] "GET /bs HTTP/1.0" 200 3 "https://sota.givingfuel.com.wstage.co/%7B%7Bdesign.masth